E:\GIT_TEST\RTUTOOL\RELEASE\RTUTOOL.EXE
E:\GIT_TEST\RTUTOOL\RELEASE\RTUTOOL.PDB
E:\git_test\rtuTool\rtuTool\Release\cl.command.1.tlog
E:\git_test\rtuTool\rtuTool\Release\CL.read.1.tlog
E:\git_test\rtuTool\rtuTool\Release\CL.write.1.tlog
E:\git_test\rtuTool\rtuTool\Release\link.command.1.tlog
E:\git_test\rtuTool\rtuTool\Release\link.read.1.tlog
E:\git_test\rtuTool\rtuTool\Release\link.write.1.tlog
E:\git_test\rtuTool\rtuTool\Release\link-cvtres.read.1.tlog
E:\git_test\rtuTool\rtuTool\Release\link-cvtres.write.1.tlog
E:\git_test\rtuTool\rtuTool\Release\mt.command.1.tlog
E:\git_test\rtuTool\rtuTool\Release\mt.read.1.tlog
E:\git_test\rtuTool\rtuTool\Release\mt.write.1.tlog
E:\GIT_TEST\RTUTOOL\RTUTOOL\RELEASE\MYSOCKET.OBJ
E:\git_test\rtuTool\rtuTool\Release\rc.command.1.tlog
E:\git_test\rtuTool\rtuTool\Release\rc.read.1.tlog
E:\git_test\rtuTool\rtuTool\Release\rc.write.1.tlog
E:\GIT_TEST\RTUTOOL\RTUTOOL\RELEASE\RTUTOOL.EXE.INTERMEDIATE.MANIFEST
E:\GIT_TEST\RTUTOOL\RTUTOOL\RELEASE\RTUTOOL.OBJ
E:\GIT_TEST\RTUTOOL\RTUTOOL\RELEASE\RTUTOOL.PCH
E:\GIT_TEST\RTUTOOL\RTUTOOL\RELEASE\RTUTOOL.RES
E:\git_test\rtuTool\rtuTool\Release\rtuTool.write.1.tlog
E:\GIT_TEST\RTUTOOL\RTUTOOL\RELEASE\RTUTOOLDLG.OBJ
E:\GIT_TEST\RTUTOOL\RTUTOOL\RELEASE\STDAFX.OBJ
E:\GIT_TEST\RTUTOOL\RTUTOOL\RELEASE\VC100.PDB
